2023-06-05 22:42:24.793 - INFO - 11605 - azureml.train.automl._experiment_drivers.driver_utilities.modify_run_configuration:239 - Package azureml-train-automl missing from dependencies file.
2023-06-05 22:42:24.793 - INFO - 11605 - azureml.train.automl._experiment_drivers.driver_utilities.modify_run_configuration:245 - Using pinned version: azureml-train-automl==1.51.0.*
2023-06-05 22:42:24.794 - INFO - 11605 - azureml.train.automl._experiment_drivers.driver_utilities.modify_run_configuration:239 - Package pandas missing from dependencies file.
2023-06-05 22:42:24.794 - INFO - 11605 - azureml.train.automl._experiment_drivers.driver_utilities.modify_run_configuration:245 - Using pinned version: pandas==1.1.5
2023-06-05 22:42:24.801 - INFO - 11605 - azureml.train.automl._experiment_drivers.driver_utilities.modify_run_configuration:239 - Package psutil missing from dependencies file.
2023-06-05 22:42:24.802 - INFO - 11605 - azureml.train.automl._experiment_drivers.driver_utilities.modify_run_configuration:245 - Using pinned version: psutil>5.0.0,<6.0.0
2023-06-05 22:42:24.802 - INFO - 11605 - azureml.train.automl._experiment_drivers.driver_utilities.modify_run_configuration:239 - Package scikit-learn missing from dependencies file.
2023-06-05 22:42:24.802 - INFO - 11605 - azureml.train.automl._experiment_drivers.driver_utilities.modify_run_configuration:245 - Using pinned version: scikit-learn==0.22.1
2023-06-05 22:42:24.802 - INFO - 11605 - azureml.train.automl._experiment_drivers.driver_utilities.modify_run_configuration:239 - Package numpy missing from dependencies file.
2023-06-05 22:42:24.803 - INFO - 11605 - azureml.train.automl._experiment_drivers.driver_utilities.modify_run_configuration:245 - Using pinned version: numpy==1.21.6
2023-06-05 22:42:24.803 - INFO - 11605 - azureml.train.automl._experiment_drivers.driver_utilities.modify_run_configuration:239 - Package py-xgboost missing from dependencies file.
2023-06-05 22:42:24.817 - INFO - 11605 - azureml.train.automl._experiment_drivers.driver_utilities.modify_run_configuration:245 - Using pinned version: py-xgboost==1.3.3
2023-06-05 22:42:24.818 - INFO - 11605 - azureml.train.automl._experiment_drivers.driver_utilities.modify_run_configuration:239 - Package inference-schema missing from dependencies file.
2023-06-05 22:42:24.818 - INFO - 11605 - azureml.train.automl._experiment_drivers.driver_utilities.modify_run_configuration:249 - Using installed version: inference-schema==1.5.1
2023-06-05 22:42:24.819 - INFO - 11605 - azureml.train.automl._experiment_drivers.driver_utilities.modify_run_configuration:239 - Package fbprophet missing from dependencies file.
2023-06-05 22:42:24.819 - INFO - 11605 - azureml.train.automl._experiment_drivers.driver_utilities.modify_run_configuration:245 - Using pinned version: fbprophet==0.7.1
2023-06-05 22:42:24.819 - INFO - 11605 - azureml.train.automl._experiment_drivers.driver_utilities.modify_run_configuration:239 - Package holidays missing from dependencies file.
2023-06-05 22:42:24.820 - INFO - 11605 - azureml.train.automl._experiment_drivers.driver_utilities.modify_run_configuration:245 - Using pinned version: holidays==0.10.3
2023-06-05 22:42:24.820 - INFO - 11605 - azureml.train.automl._experiment_drivers.driver_utilities.modify_run_configuration:239 - Package joblib missing from dependencies file.
2023-06-05 22:42:24.820 - INFO - 11605 - azureml.train.automl._experiment_drivers.driver_utilities.modify_run_configuration:245 - Using pinned version: joblib==0.14.1
2023-06-05 22:42:24.821 - INFO - 11605 - azureml.train.automl._experiment_drivers.driver_utilities.modify_run_configuration:239 - Package pystan missing from dependencies file.
2023-06-05 22:42:24.821 - INFO - 11605 - azureml.train.automl._experiment_drivers.driver_utilities.modify_run_configuration:245 - Using pinned version: pystan==2.19.1.1
2023-06-05 22:42:24.821 - INFO - 11605 - azureml.train.automl._experiment_drivers.driver_utilities.modify_run_configuration:239 - Package setuptools-git missing from dependencies file.
2023-06-05 22:42:24.821 - INFO - 11605 - azureml.train.automl._experiment_drivers.driver_utilities.modify_run_configuration:249 - Using installed version: setuptools-git==1.2
2023-06-05 22:42:24.822 - INFO - 11605 - azureml.train.automl._experiment_drivers.driver_utilities.modify_run_configuration:239 - Package urllib3 missing from dependencies file.
2023-06-05 22:42:24.822 - INFO - 11605 - azureml.train.automl._experiment_drivers.driver_utilities.modify_run_configuration:249 - Using installed version: urllib3==1.26.14
2023-06-05 22:42:24.823 - INFO - 11605 - azureml.train.automl._experiment_drivers.driver_utilities.modify_run_configuration:239 - Package azure-core missing from dependencies file.
2023-06-05 22:42:24.823 - INFO - 11605 - azureml.train.automl._experiment_drivers.driver_utilities.modify_run_configuration:249 - Using installed version: azure-core==1.26.3
2023-06-05 22:42:24.823 - INFO - 11605 - azureml.train.automl._experiment_drivers.driver_utilities.modify_run_configuration:239 - Package boto3 missing from dependencies file.
2023-06-05 22:42:24.823 - INFO - 11605 - azureml.train.automl._experiment_drivers.driver_utilities.modify_run_configuration:245 - Using pinned version: boto3==1.15.18
2023-06-05 22:42:24.829 - INFO - 11605 - azureml.train.automl._experiment_drivers.driver_utilities.modify_run_configuration:239 - Package botocore missing from dependencies file.
2023-06-05 22:42:24.829 - INFO - 11605 - azureml.train.automl._experiment_drivers.driver_utilities.modify_run_configuration:245 - Using pinned version: botocore==1.18.18
2023-06-05 22:42:24.830 - INFO - 11605 - azureml.automl.core.dataset_utilities._save_datasets_to_json:255 - JSON serialization of input of type <class 'NoneType'> is un-supported.
2023-06-05 22:42:24.838 - INFO - 11605 - azureml.automl.core.dataset_utilities._save_datasets_to_json:255 - JSON serialization of input of type <class 'NoneType'> is un-supported.
2023-06-05 22:42:24.841 - INFO - 11605 - azureml.train.automl._experiment_drivers.driver_utilities.validate_input:124 - Start data validation.
2023-06-05 22:42:27.333 - INFO - 11605 - azureml.train.automl._experiment_drivers.driver_utilities.validate_input:137 - Validation service found the data has no errors.
2023-06-05 22:42:27.342 - INFO - 11605 - azureml.train.automl._experiment_drivers.driver_utilities.create_remote_parent_run:381 - Start creating parent run.
2023-06-05 22:42:27.715 - INFO - 11605 - azureml.train.automl._experiment_drivers.driver_utilities.create_remote_parent_run:401 - [ParentRunID:AutoML_a332d6bc-5d3a-4ef2-8baa-14e6ccb90e64] Remote run using input X and y.
2023-06-05 22:42:27.795 - INFO - 11605 - azureml.train.automl._experiment_drivers.driver_utilities.start_remote_run:336 - Starting a snapshot run (snapshot_id : None)
